[INFO] Scanning for projects...
[INFO] 
[INFO] ------------------------< dev.lueem:pdfreader >-------------------------
[INFO] Building pdfreader 0.0.2
[INFO]   from pom.xml
[INFO] --------------------------------[ jar ]---------------------------------
[INFO] 
[INFO] --- clean:3.2.0:clean (default-clean) @ pdfreader ---
[INFO] Deleting C:\dev\mymenu\project\backend\target
[INFO] ------------------------------------------------------------------------
[INFO] BUILD FAILURE
[INFO] ------------------------------------------------------------------------
[INFO] Total time:  4.520 s
[INFO] Finished at: 2026-02-01T14:07:11+01:00
[INFO] ------------------------------------------------------------------------
[ERROR] Failed to execute goal org.apache.maven.plugins:maven-clean-plugin:3.2.0:clean (default-clean) on project pdfreader: Failed to clean project: Failed to delete C:\dev\mymenu\project\backend\target\pdfreader-dev.jar -> [Help 1]
[ERROR] 
[ERROR] To see the full stack trace of the errors, re-run Maven with the -e switch.
[ERROR] Re-run Maven using the -X switch to enable full debug logging.
[ERROR] 
[ERROR] For more information about the errors and possible solutions, please read the following articles:
[ERROR] [Help 1] http://cwiki.apache.org/confluence/display/MAVEN/MojoExecutionException
